<?xml version="1.0" encoding="UTF-8"?>
<!-- Generated by org.testng.reporters.JUnitReportReporter -->
<testsuite hostname="LAPTOP-9QCAOA2C" failures="0" tests="3" name="com.checkers.tests.CheckersTest" time="25.764" errors="0" timestamp="2025-08-31T18:54:10 CDT" skipped="0">
  <testcase classname="com.checkers.tests.CheckersTest" name="testSiteIsUp" time="4.596"/>
  <system-out/>
  <testcase classname="com.checkers.tests.CheckersTest" name="testMakeFiveMovesIncludingCapture" time="20.361"/>
  <system-out/>
  <testcase classname="com.checkers.tests.CheckersTest" name="testRestartGame" time="0.807"/>
  <system-out/>
</testsuite> <!-- com.checkers.tests.CheckersTest -->
